2021-02-16 23:40:51 INFO  Benchmark_Timer - Begin run: testWaitPeriods with 2 runs
2021-02-16 23:40:53 DEBUG Config - Config.get(helper, seed) = 
2021-02-16 23:40:53 DEBUG Config - Config.get(helper, instrument) = true
2021-02-16 23:40:53 DEBUG Config - Config.get(instrumenting, inversions) = 10
2021-02-16 23:40:53 DEBUG Config - Config.get(main, version) = 1.0.0 (test)
2021-02-16 23:40:53 DEBUG LazyLoggerTest - Hello debug message
2021-02-16 23:40:53 INFO  SorterBenchmark - run: sort 4 elements using SorterBenchmark on class java.lang.String from 4 total elements and 100 runs using sorter: Insertion sort
2021-02-16 23:40:53 INFO  Benchmark_Timer - Begin run: Helper for Insertion sort with 0 elements with 100 runs
2021-02-16 23:40:53 INFO  TimeLogger - test .00
2021-02-17 11:37:21 DEBUG Config - Config.get(helper, instrument) = true
2021-02-17 11:37:21 DEBUG Config - Config.get(helper, seed) = 0
2021-02-17 11:37:21 DEBUG Config - Config.get(instrumenting, copies) = true
2021-02-17 11:37:21 DEBUG Config - Config.get(instrumenting, swaps) = true
2021-02-17 11:37:21 DEBUG Config - Config.get(instrumenting, compares) = true
2021-02-17 11:37:21 DEBUG Config - Config.get(instrumenting, inversions) = 1
2021-02-17 11:37:21 DEBUG Config - Config.get(instrumenting, fixes) = true
2021-02-17 11:37:21 DEBUG Config - Config.get(helper, cutoff) = 
2021-02-17 12:01:27 DEBUG Config - Config.get(helper, instrument) = true
2021-02-17 12:01:27 DEBUG Config - Config.get(helper, seed) = 0
2021-02-17 12:01:27 DEBUG Config - Config.get(instrumenting, copies) = true
2021-02-17 12:01:27 DEBUG Config - Config.get(instrumenting, swaps) = true
2021-02-17 12:01:27 DEBUG Config - Config.get(instrumenting, compares) = true
2021-02-17 12:01:27 DEBUG Config - Config.get(instrumenting, inversions) = 1
2021-02-17 12:01:27 DEBUG Config - Config.get(instrumenting, fixes) = true
2021-02-17 12:01:27 DEBUG Config - Config.get(helper, cutoff) = 
2021-02-17 12:03:57 DEBUG Config - Config.get(helper, instrument) = true
2021-02-17 12:03:57 DEBUG Config - Config.get(helper, seed) = 0
2021-02-17 12:03:57 DEBUG Config - Config.get(instrumenting, copies) = true
2021-02-17 12:03:57 DEBUG Config - Config.get(instrumenting, swaps) = true
2021-02-17 12:03:57 DEBUG Config - Config.get(instrumenting, compares) = true
2021-02-17 12:03:57 DEBUG Config - Config.get(instrumenting, inversions) = 1
2021-02-17 12:03:57 DEBUG Config - Config.get(instrumenting, fixes) = true
2021-02-17 12:03:57 DEBUG Config - Config.get(helper, cutoff) = 
2021-02-17 12:28:19 INFO  Benchmark_Timer - Begin run: Results with 100 runs
2021-02-17 12:28:19 INFO  Benchmark_Timer - Begin run: Results with 100 runs
2021-02-17 12:28:19 INFO  Benchmark_Timer - Begin run: Results with 100 runs
2021-02-17 12:28:19 INFO  Benchmark_Timer - Begin run: Results with 100 runs
2021-02-17 12:28:19 INFO  Benchmark_Timer - Begin run: Results with 100 runs
2021-02-17 12:28:19 INFO  Benchmark_Timer - Begin run: Results with 100 runs
2021-02-17 12:28:19 INFO  Benchmark_Timer - Begin run: Results with 100 runs
2021-02-17 12:28:19 INFO  Benchmark_Timer - Begin run: Results with 100 runs
2021-02-17 12:28:19 INFO  Benchmark_Timer - Begin run: Results with 100 runs
2021-02-17 12:28:19 INFO  Benchmark_Timer - Begin run: Results with 100 runs
2021-02-17 12:28:19 INFO  Benchmark_Timer - Begin run: Results with 100 runs
2021-02-17 12:28:19 INFO  Benchmark_Timer - Begin run: Results with 100 runs
2021-02-17 12:28:19 INFO  Benchmark_Timer - Begin run: Results with 100 runs
2021-02-17 12:28:19 INFO  Benchmark_Timer - Begin run: Results with 100 runs
2021-02-17 12:28:19 INFO  Benchmark_Timer - Begin run: Results with 100 runs
2021-02-17 12:28:19 INFO  Benchmark_Timer - Begin run: Results with 100 runs
2021-02-17 12:28:19 INFO  Benchmark_Timer - Begin run: Results with 100 runs
2021-02-17 12:28:19 INFO  Benchmark_Timer - Begin run: Results with 100 runs
2021-02-17 12:28:19 INFO  Benchmark_Timer - Begin run: Results with 100 runs
2021-02-17 12:28:19 INFO  Benchmark_Timer - Begin run: Results with 100 runs
2021-02-17 12:57:14 INFO  Benchmark_Timer - Begin run: Results with 100 runs
2021-02-17 12:57:14 INFO  Benchmark_Timer - Begin run: Results with 100 runs
2021-02-17 12:57:14 INFO  Benchmark_Timer - Begin run: Results with 100 runs
2021-02-17 12:57:14 INFO  Benchmark_Timer - Begin run: Results with 100 runs
2021-02-17 12:57:14 INFO  Benchmark_Timer - Begin run: Results with 100 runs
2021-02-17 12:57:14 INFO  Benchmark_Timer - Begin run: Results with 100 runs
2021-02-17 12:57:14 INFO  Benchmark_Timer - Begin run: Results with 100 runs
2021-02-17 12:57:14 INFO  Benchmark_Timer - Begin run: Results with 100 runs
2021-02-17 12:57:14 INFO  Benchmark_Timer - Begin run: Results with 100 runs
2021-02-17 12:57:14 INFO  Benchmark_Timer - Begin run: Results with 100 runs
2021-02-17 12:57:14 INFO  Benchmark_Timer - Begin run: Results with 100 runs
2021-02-17 12:57:14 INFO  Benchmark_Timer - Begin run: Results with 100 runs
2021-02-17 12:57:14 INFO  Benchmark_Timer - Begin run: Results with 100 runs
2021-02-17 12:57:14 INFO  Benchmark_Timer - Begin run: Results with 100 runs
2021-02-17 12:57:14 INFO  Benchmark_Timer - Begin run: Results with 100 runs
2021-02-17 12:57:15 INFO  Benchmark_Timer - Begin run: Results with 100 runs
2021-02-17 12:57:15 INFO  Benchmark_Timer - Begin run: Results with 100 runs
2021-02-17 12:57:15 INFO  Benchmark_Timer - Begin run: Results with 100 runs
2021-02-17 12:57:15 INFO  Benchmark_Timer - Begin run: Results with 100 runs
2021-02-17 12:57:15 INFO  Benchmark_Timer - Begin run: Results with 100 runs
